[2025-12-02 09:54:22] [INFO] Game started
[2025-12-02 09:54:23] [INFO] Game engine initialized
[2025-12-02 09:54:23] [STATE] Game: None -> MenuState
[2025-12-02 09:54:24] [FACTORY] Created alien: RED at (250.0, 50.0)
[2025-12-02 09:54:24] [FACTORY] Created alien: RED at (310.0, 50.0)
[2025-12-02 09:54:24] [FACTORY] Created alien: RED at (370.0, 50.0)
[2025-12-02 09:54:24] [FACTORY] Created alien: RED at (430.0, 50.0)
[2025-12-02 09:54:24] [FACTORY] Created alien: RED at (490.0, 50.0)
[2025-12-02 09:54:24] [FACTORY] Created alien: GREEN at (250.0, 100.0)
[2025-12-02 09:54:24] [FACTORY] Created alien: GREEN at (310.0, 100.0)
[2025-12-02 09:54:24] [FACTORY] Created alien: GREEN at (370.0, 100.0)
[2025-12-02 09:54:24] [FACTORY] Created alien: GREEN at (430.0, 100.0)
[2025-12-02 09:54:24] [FACTORY] Created alien: GREEN at (490.0, 100.0)
[2025-12-02 09:54:24] [FACTORY] Created alien: RED at (250.0, 150.0)
[2025-12-02 09:54:24] [FACTORY] Created alien: RED at (310.0, 150.0)
[2025-12-02 09:54:24] [FACTORY] Created alien: RED at (370.0, 150.0)
[2025-12-02 09:54:24] [FACTORY] Created alien: RED at (430.0, 150.0)
[2025-12-02 09:54:24] [FACTORY] Created alien: RED at (490.0, 150.0)
[2025-12-02 09:54:24] Niveau 1 démarré avec 3 lignes.
[2025-12-02 09:54:24] [STATE] Game: MenuState -> PlayingState
[2025-12-02 09:54:30] [STATE] Game: PlayingState -> GameOverState
[2025-12-02 09:54:33] Score reset.
[2025-12-02 09:54:33] [FACTORY] Created alien: RED at (250.0, 50.0)
[2025-12-02 09:54:33] [FACTORY] Created alien: RED at (310.0, 50.0)
[2025-12-02 09:54:33] [FACTORY] Created alien: RED at (370.0, 50.0)
[2025-12-02 09:54:33] [FACTORY] Created alien: RED at (430.0, 50.0)
[2025-12-02 09:54:33] [FACTORY] Created alien: RED at (490.0, 50.0)
[2025-12-02 09:54:33] [FACTORY] Created alien: GREEN at (250.0, 100.0)
[2025-12-02 09:54:33] [FACTORY] Created alien: GREEN at (310.0, 100.0)
[2025-12-02 09:54:33] [FACTORY] Created alien: GREEN at (370.0, 100.0)
[2025-12-02 09:54:33] [FACTORY] Created alien: GREEN at (430.0, 100.0)
[2025-12-02 09:54:33] [FACTORY] Created alien: GREEN at (490.0, 100.0)
[2025-12-02 09:54:33] [FACTORY] Created alien: RED at (250.0, 150.0)
[2025-12-02 09:54:33] [FACTORY] Created alien: RED at (310.0, 150.0)
[2025-12-02 09:54:33] [FACTORY] Created alien: RED at (370.0, 150.0)
[2025-12-02 09:54:33] [FACTORY] Created alien: RED at (430.0, 150.0)
[2025-12-02 09:54:33] [FACTORY] Created alien: RED at (490.0, 150.0)
[2025-12-02 09:54:33] Niveau 1 démarré avec 3 lignes.
[2025-12-02 09:54:33] [STATE] Game: GameOverState -> PlayingState
[2025-12-02 09:54:44] [STATE] Game: PlayingState -> GameOverState
[2025-12-02 09:54:48] Score reset.
[2025-12-02 09:54:48] [FACTORY] Created alien: RED at (250.0, 50.0)
[2025-12-02 09:54:48] [FACTORY] Created alien: RED at (310.0, 50.0)
[2025-12-02 09:54:48] [FACTORY] Created alien: RED at (370.0, 50.0)
[2025-12-02 09:54:48] [FACTORY] Created alien: RED at (430.0, 50.0)
[2025-12-02 09:54:48] [FACTORY] Created alien: RED at (490.0, 50.0)
[2025-12-02 09:54:48] [FACTORY] Created alien: GREEN at (250.0, 100.0)
[2025-12-02 09:54:48] [FACTORY] Created alien: GREEN at (310.0, 100.0)
[2025-12-02 09:54:48] [FACTORY] Created alien: GREEN at (370.0, 100.0)
[2025-12-02 09:54:48] [FACTORY] Created alien: GREEN at (430.0, 100.0)
[2025-12-02 09:54:48] [FACTORY] Created alien: GREEN at (490.0, 100.0)
[2025-12-02 09:54:48] [FACTORY] Created alien: RED at (250.0, 150.0)
[2025-12-02 09:54:48] [FACTORY] Created alien: RED at (310.0, 150.0)
[2025-12-02 09:54:48] [FACTORY] Created alien: RED at (370.0, 150.0)
[2025-12-02 09:54:48] [FACTORY] Created alien: RED at (430.0, 150.0)
[2025-12-02 09:54:48] [FACTORY] Created alien: RED at (490.0, 150.0)
[2025-12-02 09:54:48] Niveau 1 démarré avec 3 lignes.
[2025-12-02 09:54:48] [STATE] Game: GameOverState -> PlayingState
[2025-12-02 09:54:56] [STATE] Game: PlayingState -> GameOverState
[2025-12-02 09:54:57] Score reset.
[2025-12-02 09:54:57] [FACTORY] Created alien: RED at (250.0, 50.0)
[2025-12-02 09:54:57] [FACTORY] Created alien: RED at (310.0, 50.0)
[2025-12-02 09:54:57] [FACTORY] Created alien: RED at (370.0, 50.0)
[2025-12-02 09:54:57] [FACTORY] Created alien: RED at (430.0, 50.0)
[2025-12-02 09:54:57] [FACTORY] Created alien: RED at (490.0, 50.0)
[2025-12-02 09:54:57] [FACTORY] Created alien: GREEN at (250.0, 100.0)
[2025-12-02 09:54:57] [FACTORY] Created alien: GREEN at (310.0, 100.0)
[2025-12-02 09:54:57] [FACTORY] Created alien: GREEN at (370.0, 100.0)
[2025-12-02 09:54:57] [FACTORY] Created alien: GREEN at (430.0, 100.0)
[2025-12-02 09:54:57] [FACTORY] Created alien: GREEN at (490.0, 100.0)
[2025-12-02 09:54:57] [FACTORY] Created alien: RED at (250.0, 150.0)
[2025-12-02 09:54:57] [FACTORY] Created alien: RED at (310.0, 150.0)
[2025-12-02 09:54:57] [FACTORY] Created alien: RED at (370.0, 150.0)
[2025-12-02 09:54:57] [FACTORY] Created alien: RED at (430.0, 150.0)
[2025-12-02 09:54:57] [FACTORY] Created alien: RED at (490.0, 150.0)
[2025-12-02 09:54:57] Niveau 1 démarré avec 3 lignes.
[2025-12-02 09:54:57] [STATE] Game: GameOverState -> PlayingState
[2025-12-02 09:55:25] [FACTORY] Created alien: RED at (220.0, 50.0)
[2025-12-02 09:55:25] [FACTORY] Created alien: RED at (280.0, 50.0)
[2025-12-02 09:55:25] [FACTORY] Created alien: RED at (340.0, 50.0)
[2025-12-02 09:55:25] [FACTORY] Created alien: RED at (400.0, 50.0)
[2025-12-02 09:55:25] [FACTORY] Created alien: RED at (460.0, 50.0)
[2025-12-02 09:55:25] [FACTORY] Created alien: RED at (520.0, 50.0)
[2025-12-02 09:55:25] [FACTORY] Created alien: GREEN at (220.0, 100.0)
[2025-12-02 09:55:25] [FACTORY] Created alien: GREEN at (280.0, 100.0)
[2025-12-02 09:55:25] [FACTORY] Created alien: GREEN at (340.0, 100.0)
[2025-12-02 09:55:25] [FACTORY] Created alien: GREEN at (400.0, 100.0)
[2025-12-02 09:55:25] [FACTORY] Created alien: GREEN at (460.0, 100.0)
[2025-12-02 09:55:25] [FACTORY] Created alien: GREEN at (520.0, 100.0)
[2025-12-02 09:55:25] [FACTORY] Created alien: RED at (220.0, 150.0)
[2025-12-02 09:55:25] [FACTORY] Created alien: RED at (280.0, 150.0)
[2025-12-02 09:55:25] [FACTORY] Created alien: RED at (340.0, 150.0)
[2025-12-02 09:55:25] [FACTORY] Created alien: RED at (400.0, 150.0)
[2025-12-02 09:55:25] [FACTORY] Created alien: RED at (460.0, 150.0)
[2025-12-02 09:55:25] [FACTORY] Created alien: RED at (520.0, 150.0)
[2025-12-02 09:55:25] [FACTORY] Created alien: GREEN at (220.0, 200.0)
[2025-12-02 09:55:25] [FACTORY] Created alien: GREEN at (280.0, 200.0)
[2025-12-02 09:55:25] [FACTORY] Created alien: GREEN at (340.0, 200.0)
[2025-12-02 09:55:25] [FACTORY] Created alien: GREEN at (400.0, 200.0)
[2025-12-02 09:55:25] [FACTORY] Created alien: GREEN at (460.0, 200.0)
[2025-12-02 09:55:25] [FACTORY] Created alien: GREEN at (520.0, 200.0)
[2025-12-02 09:55:25] Niveau 2 démarré avec 4 lignes.
[2025-12-02 09:55:40] [FACTORY] Created alien: RED at (190.0, 50.0)
[2025-12-02 09:55:40] [FACTORY] Created alien: RED at (250.0, 50.0)
[2025-12-02 09:55:40] [FACTORY] Created alien: RED at (310.0, 50.0)
[2025-12-02 09:55:40] [FACTORY] Created alien: RED at (370.0, 50.0)
[2025-12-02 09:55:40] [FACTORY] Created alien: RED at (430.0, 50.0)
[2025-12-02 09:55:40] [FACTORY] Created alien: RED at (490.0, 50.0)
[2025-12-02 09:55:40] [FACTORY] Created alien: RED at (550.0, 50.0)
[2025-12-02 09:55:40] [FACTORY] Created alien: GREEN at (190.0, 100.0)
[2025-12-02 09:55:40] [FACTORY] Created alien: GREEN at (250.0, 100.0)
[2025-12-02 09:55:40] [FACTORY] Created alien: GREEN at (310.0, 100.0)
[2025-12-02 09:55:40] [FACTORY] Created alien: GREEN at (370.0, 100.0)
[2025-12-02 09:55:40] [FACTORY] Created alien: GREEN at (430.0, 100.0)
[2025-12-02 09:55:40] [FACTORY] Created alien: GREEN at (490.0, 100.0)
[2025-12-02 09:55:40] [FACTORY] Created alien: GREEN at (550.0, 100.0)
[2025-12-02 09:55:40] [FACTORY] Created alien: RED at (190.0, 150.0)
[2025-12-02 09:55:40] [FACTORY] Created alien: RED at (250.0, 150.0)
[2025-12-02 09:55:40] [FACTORY] Created alien: RED at (310.0, 150.0)
[2025-12-02 09:55:40] [FACTORY] Created alien: RED at (370.0, 150.0)
[2025-12-02 09:55:40] [FACTORY] Created alien: RED at (430.0, 150.0)
[2025-12-02 09:55:40] [FACTORY] Created alien: RED at (490.0, 150.0)
[2025-12-02 09:55:40] [FACTORY] Created alien: RED at (550.0, 150.0)
[2025-12-02 09:55:40] [FACTORY] Created alien: GREEN at (190.0, 200.0)
[2025-12-02 09:55:40] [FACTORY] Created alien: GREEN at (250.0, 200.0)
[2025-12-02 09:55:40] [FACTORY] Created alien: GREEN at (310.0, 200.0)
[2025-12-02 09:55:40] [FACTORY] Created alien: GREEN at (370.0, 200.0)
[2025-12-02 09:55:40] [FACTORY] Created alien: GREEN at (430.0, 200.0)
[2025-12-02 09:55:40] [FACTORY] Created alien: GREEN at (490.0, 200.0)
[2025-12-02 09:55:40] [FACTORY] Created alien: GREEN at (550.0, 200.0)
[2025-12-02 09:55:40] [FACTORY] Created alien: RED at (190.0, 250.0)
[2025-12-02 09:55:40] [FACTORY] Created alien: RED at (250.0, 250.0)
[2025-12-02 09:55:40] [FACTORY] Created alien: RED at (310.0, 250.0)
[2025-12-02 09:55:40] [FACTORY] Created alien: RED at (370.0, 250.0)
[2025-12-02 09:55:40] [FACTORY] Created alien: RED at (430.0, 250.0)
[2025-12-02 09:55:40] [FACTORY] Created alien: RED at (490.0, 250.0)
[2025-12-02 09:55:40] [FACTORY] Created alien: RED at (550.0, 250.0)
[2025-12-02 09:55:40] Niveau 3 démarré avec 5 lignes.
[2025-12-02 09:55:48] [FACTORY] Created alien: RED at (160.0, 50.0)
[2025-12-02 09:55:48] [FACTORY] Created alien: RED at (220.0, 50.0)
[2025-12-02 09:55:48] [FACTORY] Created alien: RED at (280.0, 50.0)
[2025-12-02 09:55:48] [FACTORY] Created alien: RED at (340.0, 50.0)
[2025-12-02 09:55:48] [FACTORY] Created alien: RED at (400.0, 50.0)
[2025-12-02 09:55:48] [FACTORY] Created alien: RED at (460.0, 50.0)
[2025-12-02 09:55:48] [FACTORY] Created alien: RED at (520.0, 50.0)
[2025-12-02 09:55:48] [FACTORY] Created alien: RED at (580.0, 50.0)
[2025-12-02 09:55:48] [FACTORY] Created alien: GREEN at (160.0, 100.0)
[2025-12-02 09:55:48] [FACTORY] Created alien: GREEN at (220.0, 100.0)
[2025-12-02 09:55:48] [FACTORY] Created alien: GREEN at (280.0, 100.0)
[2025-12-02 09:55:48] [FACTORY] Created alien: GREEN at (340.0, 100.0)
[2025-12-02 09:55:48] [FACTORY] Created alien: GREEN at (400.0, 100.0)
[2025-12-02 09:55:48] [FACTORY] Created alien: GREEN at (460.0, 100.0)
[2025-12-02 09:55:48] [FACTORY] Created alien: GREEN at (520.0, 100.0)
[2025-12-02 09:55:48] [FACTORY] Created alien: GREEN at (580.0, 100.0)
[2025-12-02 09:55:48] [FACTORY] Created alien: RED at (160.0, 150.0)
[2025-12-02 09:55:48] [FACTORY] Created alien: RED at (220.0, 150.0)
[2025-12-02 09:55:48] [FACTORY] Created alien: RED at (280.0, 150.0)
[2025-12-02 09:55:48] [FACTORY] Created alien: RED at (340.0, 150.0)
[2025-12-02 09:55:48] [FACTORY] Created alien: RED at (400.0, 150.0)
[2025-12-02 09:55:48] [FACTORY] Created alien: RED at (460.0, 150.0)
[2025-12-02 09:55:48] [FACTORY] Created alien: RED at (520.0, 150.0)
[2025-12-02 09:55:48] [FACTORY] Created alien: RED at (580.0, 150.0)
[2025-12-02 09:55:48] [FACTORY] Created alien: GREEN at (160.0, 200.0)
[2025-12-02 09:55:48] [FACTORY] Created alien: GREEN at (220.0, 200.0)
[2025-12-02 09:55:48] [FACTORY] Created alien: GREEN at (280.0, 200.0)
[2025-12-02 09:55:48] [FACTORY] Created alien: GREEN at (340.0, 200.0)
[2025-12-02 09:55:48] [FACTORY] Created alien: GREEN at (400.0, 200.0)
[2025-12-02 09:55:48] [FACTORY] Created alien: GREEN at (460.0, 200.0)
[2025-12-02 09:55:48] [FACTORY] Created alien: GREEN at (520.0, 200.0)
[2025-12-02 09:55:48] [FACTORY] Created alien: GREEN at (580.0, 200.0)
[2025-12-02 09:55:48] [FACTORY] Created alien: RED at (160.0, 250.0)
[2025-12-02 09:55:48] [FACTORY] Created alien: RED at (220.0, 250.0)
[2025-12-02 09:55:48] [FACTORY] Created alien: RED at (280.0, 250.0)
[2025-12-02 09:55:48] [FACTORY] Created alien: RED at (340.0, 250.0)
[2025-12-02 09:55:48] [FACTORY] Created alien: RED at (400.0, 250.0)
[2025-12-02 09:55:48] [FACTORY] Created alien: RED at (460.0, 250.0)
[2025-12-02 09:55:48] [FACTORY] Created alien: RED at (520.0, 250.0)
[2025-12-02 09:55:48] [FACTORY] Created alien: RED at (580.0, 250.0)
[2025-12-02 09:55:48] Niveau 4 démarré avec 5 lignes.
[2025-12-02 09:55:53] [FACTORY] Created alien: RED at (130.0, 50.0)
[2025-12-02 09:55:53] [FACTORY] Created alien: RED at (190.0, 50.0)
[2025-12-02 09:55:53] [FACTORY] Created alien: RED at (250.0, 50.0)
[2025-12-02 09:55:53] [FACTORY] Created alien: RED at (310.0, 50.0)
[2025-12-02 09:55:53] [FACTORY] Created alien: RED at (370.0, 50.0)
[2025-12-02 09:55:53] [FACTORY] Created alien: RED at (430.0, 50.0)
[2025-12-02 09:55:53] [FACTORY] Created alien: RED at (490.0, 50.0)
[2025-12-02 09:55:53] [FACTORY] Created alien: RED at (550.0, 50.0)
[2025-12-02 09:55:53] [FACTORY] Created alien: RED at (610.0, 50.0)
[2025-12-02 09:55:53] [FACTORY] Created alien: GREEN at (130.0, 100.0)
[2025-12-02 09:55:53] [FACTORY] Created alien: GREEN at (190.0, 100.0)
[2025-12-02 09:55:53] [FACTORY] Created alien: GREEN at (250.0, 100.0)
[2025-12-02 09:55:53] [FACTORY] Created alien: GREEN at (310.0, 100.0)
[2025-12-02 09:55:53] [FACTORY] Created alien: GREEN at (370.0, 100.0)
[2025-12-02 09:55:53] [FACTORY] Created alien: GREEN at (430.0, 100.0)
[2025-12-02 09:55:53] [FACTORY] Created alien: GREEN at (490.0, 100.0)
[2025-12-02 09:55:53] [FACTORY] Created alien: GREEN at (550.0, 100.0)
[2025-12-02 09:55:53] [FACTORY] Created alien: GREEN at (610.0, 100.0)
[2025-12-02 09:55:53] [FACTORY] Created alien: RED at (130.0, 150.0)
[2025-12-02 09:55:53] [FACTORY] Created alien: RED at (190.0, 150.0)
[2025-12-02 09:55:53] [FACTORY] Created alien: RED at (250.0, 150.0)
[2025-12-02 09:55:53] [FACTORY] Created alien: RED at (310.0, 150.0)
[2025-12-02 09:55:53] [FACTORY] Created alien: RED at (370.0, 150.0)
[2025-12-02 09:55:53] [FACTORY] Created alien: RED at (430.0, 150.0)
[2025-12-02 09:55:53] [FACTORY] Created alien: RED at (490.0, 150.0)
[2025-12-02 09:55:53] [FACTORY] Created alien: RED at (550.0, 150.0)
[2025-12-02 09:55:53] [FACTORY] Created alien: RED at (610.0, 150.0)
[2025-12-02 09:55:53] [FACTORY] Created alien: GREEN at (130.0, 200.0)
[2025-12-02 09:55:53] [FACTORY] Created alien: GREEN at (190.0, 200.0)
[2025-12-02 09:55:53] [FACTORY] Created alien: GREEN at (250.0, 200.0)
[2025-12-02 09:55:53] [FACTORY] Created alien: GREEN at (310.0, 200.0)
[2025-12-02 09:55:53] [FACTORY] Created alien: GREEN at (370.0, 200.0)
[2025-12-02 09:55:53] [FACTORY] Created alien: GREEN at (430.0, 200.0)
[2025-12-02 09:55:53] [FACTORY] Created alien: GREEN at (490.0, 200.0)
[2025-12-02 09:55:53] [FACTORY] Created alien: GREEN at (550.0, 200.0)
[2025-12-02 09:55:53] [FACTORY] Created alien: GREEN at (610.0, 200.0)
[2025-12-02 09:55:53] [FACTORY] Created alien: RED at (130.0, 250.0)
[2025-12-02 09:55:53] [FACTORY] Created alien: RED at (190.0, 250.0)
[2025-12-02 09:55:53] [FACTORY] Created alien: RED at (250.0, 250.0)
[2025-12-02 09:55:53] [FACTORY] Created alien: RED at (310.0, 250.0)
[2025-12-02 09:55:53] [FACTORY] Created alien: RED at (370.0, 250.0)
[2025-12-02 09:55:53] [FACTORY] Created alien: RED at (430.0, 250.0)
[2025-12-02 09:55:53] [FACTORY] Created alien: RED at (490.0, 250.0)
[2025-12-02 09:55:53] [FACTORY] Created alien: RED at (550.0, 250.0)
[2025-12-02 09:55:53] [FACTORY] Created alien: RED at (610.0, 250.0)
[2025-12-02 09:55:53] Niveau 5 démarré avec 5 lignes.
[2025-12-02 09:56:14] [FACTORY] Created alien: RED at (100.0, 50.0)
[2025-12-02 09:56:14] [FACTORY] Created alien: RED at (160.0, 50.0)
[2025-12-02 09:56:14] [FACTORY] Created alien: RED at (220.0, 50.0)
[2025-12-02 09:56:14] [FACTORY] Created alien: RED at (280.0, 50.0)
[2025-12-02 09:56:14] [FACTORY] Created alien: RED at (340.0, 50.0)
[2025-12-02 09:56:14] [FACTORY] Created alien: RED at (400.0, 50.0)
[2025-12-02 09:56:14] [FACTORY] Created alien: RED at (460.0, 50.0)
[2025-12-02 09:56:14] [FACTORY] Created alien: RED at (520.0, 50.0)
[2025-12-02 09:56:14] [FACTORY] Created alien: RED at (580.0, 50.0)
[2025-12-02 09:56:14] [FACTORY] Created alien: RED at (640.0, 50.0)
[2025-12-02 09:56:14] [FACTORY] Created alien: GREEN at (100.0, 100.0)
[2025-12-02 09:56:14] [FACTORY] Created alien: GREEN at (160.0, 100.0)
[2025-12-02 09:56:14] [FACTORY] Created alien: GREEN at (220.0, 100.0)
[2025-12-02 09:56:14] [FACTORY] Created alien: GREEN at (280.0, 100.0)
[2025-12-02 09:56:14] [FACTORY] Created alien: GREEN at (340.0, 100.0)
[2025-12-02 09:56:14] [FACTORY] Created alien: GREEN at (400.0, 100.0)
[2025-12-02 09:56:14] [FACTORY] Created alien: GREEN at (460.0, 100.0)
[2025-12-02 09:56:14] [FACTORY] Created alien: GREEN at (520.0, 100.0)
[2025-12-02 09:56:14] [FACTORY] Created alien: GREEN at (580.0, 100.0)
[2025-12-02 09:56:14] [FACTORY] Created alien: GREEN at (640.0, 100.0)
[2025-12-02 09:56:14] [FACTORY] Created alien: RED at (100.0, 150.0)
[2025-12-02 09:56:14] [FACTORY] Created alien: RED at (160.0, 150.0)
[2025-12-02 09:56:14] [FACTORY] Created alien: RED at (220.0, 150.0)
[2025-12-02 09:56:14] [FACTORY] Created alien: RED at (280.0, 150.0)
[2025-12-02 09:56:14] [FACTORY] Created alien: RED at (340.0, 150.0)
[2025-12-02 09:56:14] [FACTORY] Created alien: RED at (400.0, 150.0)
[2025-12-02 09:56:14] [FACTORY] Created alien: RED at (460.0, 150.0)
[2025-12-02 09:56:14] [FACTORY] Created alien: RED at (520.0, 150.0)
[2025-12-02 09:56:14] [FACTORY] Created alien: RED at (580.0, 150.0)
[2025-12-02 09:56:14] [FACTORY] Created alien: RED at (640.0, 150.0)
[2025-12-02 09:56:14] [FACTORY] Created alien: GREEN at (100.0, 200.0)
[2025-12-02 09:56:14] [FACTORY] Created alien: GREEN at (160.0, 200.0)
[2025-12-02 09:56:14] [FACTORY] Created alien: GREEN at (220.0, 200.0)
[2025-12-02 09:56:14] [FACTORY] Created alien: GREEN at (280.0, 200.0)
[2025-12-02 09:56:14] [FACTORY] Created alien: GREEN at (340.0, 200.0)
[2025-12-02 09:56:14] [FACTORY] Created alien: GREEN at (400.0, 200.0)
[2025-12-02 09:56:14] [FACTORY] Created alien: GREEN at (460.0, 200.0)
[2025-12-02 09:56:14] [FACTORY] Created alien: GREEN at (520.0, 200.0)
[2025-12-02 09:56:14] [FACTORY] Created alien: GREEN at (580.0, 200.0)
[2025-12-02 09:56:14] [FACTORY] Created alien: GREEN at (640.0, 200.0)
[2025-12-02 09:56:14] [FACTORY] Created alien: RED at (100.0, 250.0)
[2025-12-02 09:56:14] [FACTORY] Created alien: RED at (160.0, 250.0)
[2025-12-02 09:56:14] [FACTORY] Created alien: RED at (220.0, 250.0)
[2025-12-02 09:56:14] [FACTORY] Created alien: RED at (280.0, 250.0)
[2025-12-02 09:56:14] [FACTORY] Created alien: RED at (340.0, 250.0)
[2025-12-02 09:56:14] [FACTORY] Created alien: RED at (400.0, 250.0)
[2025-12-02 09:56:14] [FACTORY] Created alien: RED at (460.0, 250.0)
[2025-12-02 09:56:14] [FACTORY] Created alien: RED at (520.0, 250.0)
[2025-12-02 09:56:14] [FACTORY] Created alien: RED at (580.0, 250.0)
[2025-12-02 09:56:14] [FACTORY] Created alien: RED at (640.0, 250.0)
[2025-12-02 09:56:14] Niveau 6 démarré avec 5 lignes.
[2025-12-02 09:56:31] [STATE] Game: PlayingState -> GameOverState
